{"level":"ERROR","location":"[get_call:165] fyersModel","message":{"API":"/history","Error":{"code":-16,"message":"Could not authenticate the user","s":"error"}},"timestamp":"2026-05-01 16:48:23,834+0530","service":"FyersAPI"}
{"level":"ERROR","location":"[get_call:165] fyersModel","message":{"API":"/history","Error":{"code":-16,"message":"Could not authenticate the user","s":"error"}},"timestamp":"2026-05-01 16:54:12,311+0530","service":"FyersAPI"}
{"level":"ERROR","location":"[get_call:165] fyersModel","message":{"API":"/history","Error":{"code":-16,"message":"Could not authenticate the user","s":"error"}},"timestamp":"2026-05-01 16:56:21,328+0530","service":"FyersAPI"}
{"level":"ERROR","location":"[get_call:183] fyersModel","message":{"API":"/positions","error":"HTTPSConnectionPool(host='api-t1.fyers.in', port=443): Max retries exceeded with url: /api/v3/positions (Caused by NameResolutionError(\"HTTPSConnection(host='api-t1.fyers.in', port=443): Failed to resolve 'api-t1.fyers.in' ([Errno 11001] getaddrinfo failed)\"))"},"timestamp":"2026-05-03 14:37:06,930+0530","service":"FyersAPI"}
{"level":"ERROR","location":"[get_call:183] fyersModel","message":{"API":"/orders","error":"HTTPSConnectionPool(host='api-t1.fyers.in', port=443): Max retries exceeded with url: /api/v3/orders (Caused by NameResolutionError(\"HTTPSConnection(host='api-t1.fyers.in', port=443): Failed to resolve 'api-t1.fyers.in' ([Errno 11001] getaddrinfo failed)\"))"},"timestamp":"2026-05-03 14:37:06,937+0530","service":"FyersAPI"}
{"level":"ERROR","location":"[get_call:183] fyersModel","message":{"API":"/positions","error":"HTTPSConnectionPool(host='api-t1.fyers.in', port=443): Max retries exceeded with url: /api/v3/positions (Caused by NameResolutionError(\"HTTPSConnection(host='api-t1.fyers.in', port=443): Failed to resolve 'api-t1.fyers.in' ([Errno 11001] getaddrinfo failed)\"))"},"timestamp":"2026-05-03 14:37:11,900+0530","service":"FyersAPI"}
{"level":"ERROR","location":"[get_call:183] fyersModel","message":{"API":"/orders","error":"HTTPSConnectionPool(host='api-t1.fyers.in', port=443): Max retries exceeded with url: /api/v3/orders (Caused by NameResolutionError(\"HTTPSConnection(host='api-t1.fyers.in', port=443): Failed to resolve 'api-t1.fyers.in' ([Errno 11001] getaddrinfo failed)\"))"},"timestamp":"2026-05-03 14:37:11,902+0530","service":"FyersAPI"}
{"level":"ERROR","location":"[get_call:183] fyersModel","message":{"API":"/positions","error":"HTTPSConnectionPool(host='api-t1.fyers.in', port=443): Max retries exceeded with url: /api/v3/positions (Caused by NameResolutionError(\"HTTPSConnection(host='api-t1.fyers.in', port=443): Failed to resolve 'api-t1.fyers.in' ([Errno 11001] getaddrinfo failed)\"))"},"timestamp":"2026-05-03 14:37:16,909+0530","service":"FyersAPI"}
{"level":"ERROR","location":"[get_call:183] fyersModel","message":{"API":"/orders","error":"HTTPSConnectionPool(host='api-t1.fyers.in', port=443): Max retries exceeded with url: /api/v3/orders (Caused by NameResolutionError(\"HTTPSConnection(host='api-t1.fyers.in', port=443): Failed to resolve 'api-t1.fyers.in' ([Errno 11001] getaddrinfo failed)\"))"},"timestamp":"2026-05-03 14:37:16,911+0530","service":"FyersAPI"}
{"level":"ERROR","location":"[get_call:183] fyersModel","message":{"API":"/positions","error":"('Connection aborted.', RemoteDisconnected('Remote end closed connection without response'))"},"timestamp":"2026-05-03 14:37:21,110+0530","service":"FyersAPI"}
{"level":"ERROR","location":"[get_call:183] fyersModel","message":{"API":"/orders","error":"HTTPSConnectionPool(host='api-t1.fyers.in', port=443): Max retries exceeded with url: /api/v3/orders (Caused by NameResolutionError(\"HTTPSConnection(host='api-t1.fyers.in', port=443): Failed to resolve 'api-t1.fyers.in' ([Errno 11001] getaddrinfo failed)\"))"},"timestamp":"2026-05-03 14:37:21,111+0530","service":"FyersAPI"}
{"level":"ERROR","location":"[get_call:183] fyersModel","message":{"API":"/positions","error":"HTTPSConnectionPool(host='api-t1.fyers.in', port=443): Max retries exceeded with url: /api/v3/positions (Caused by NameResolutionError(\"HTTPSConnection(host='api-t1.fyers.in', port=443): Failed to resolve 'api-t1.fyers.in' ([Errno 11001] getaddrinfo failed)\"))"},"timestamp":"2026-05-03 14:37:21,907+0530","service":"FyersAPI"}
{"level":"ERROR","location":"[get_call:183] fyersModel","message":{"API":"/orders","error":"HTTPSConnectionPool(host='api-t1.fyers.in', port=443): Max retries exceeded with url: /api/v3/orders (Caused by NameResolutionError(\"HTTPSConnection(host='api-t1.fyers.in', port=443): Failed to resolve 'api-t1.fyers.in' ([Errno 11001] getaddrinfo failed)\"))"},"timestamp":"2026-05-03 14:37:21,909+0530","service":"FyersAPI"}
{"level":"ERROR","location":"[get_call:183] fyersModel","message":{"API":"/positions","error":"HTTPSConnectionPool(host='api-t1.fyers.in', port=443): Max retries exceeded with url: /api/v3/positions (Caused by NameResolutionError(\"HTTPSConnection(host='api-t1.fyers.in', port=443): Failed to resolve 'api-t1.fyers.in' ([Errno 11001] getaddrinfo failed)\"))"},"timestamp":"2026-05-03 14:37:31,912+0530","service":"FyersAPI"}
{"level":"ERROR","location":"[get_call:183] fyersModel","message":{"API":"/orders","error":"HTTPSConnectionPool(host='api-t1.fyers.in', port=443): Max retries exceeded with url: /api/v3/orders (Caused by NameResolutionError(\"HTTPSConnection(host='api-t1.fyers.in', port=443): Failed to resolve 'api-t1.fyers.in' ([Errno 11001] getaddrinfo failed)\"))"},"timestamp":"2026-05-03 14:37:31,928+0530","service":"FyersAPI"}
{"level":"ERROR","location":"[get_call:183] fyersModel","message":{"API":"/positions","error":"HTTPSConnectionPool(host='api-t1.fyers.in', port=443): Max retries exceeded with url: /api/v3/positions (Caused by NameResolutionError(\"HTTPSConnection(host='api-t1.fyers.in', port=443): Failed to resolve 'api-t1.fyers.in' ([Errno 11001] getaddrinfo failed)\"))"},"timestamp":"2026-05-03 14:37:41,917+0530","service":"FyersAPI"}
{"level":"ERROR","location":"[get_call:183] fyersModel","message":{"API":"/orders","error":"HTTPSConnectionPool(host='api-t1.fyers.in', port=443): Max retries exceeded with url: /api/v3/orders (Caused by NameResolutionError(\"HTTPSConnection(host='api-t1.fyers.in', port=443): Failed to resolve 'api-t1.fyers.in' ([Errno 11001] getaddrinfo failed)\"))"},"timestamp":"2026-05-03 14:37:41,919+0530","service":"FyersAPI"}
{"level":"ERROR","location":"[get_call:183] fyersModel","message":{"API":"/positions","error":"HTTPSConnectionPool(host='api-t1.fyers.in', port=443): Max retries exceeded with url: /api/v3/positions (Caused by NameResolutionError(\"HTTPSConnection(host='api-t1.fyers.in', port=443): Failed to resolve 'api-t1.fyers.in' ([Errno 11001] getaddrinfo failed)\"))"},"timestamp":"2026-05-03 14:37:51,920+0530","service":"FyersAPI"}
{"level":"ERROR","location":"[get_call:183] fyersModel","message":{"API":"/orders","error":"HTTPSConnectionPool(host='api-t1.fyers.in', port=443): Max retries exceeded with url: /api/v3/orders (Caused by NameResolutionError(\"HTTPSConnection(host='api-t1.fyers.in', port=443): Failed to resolve 'api-t1.fyers.in' ([Errno 11001] getaddrinfo failed)\"))"},"timestamp":"2026-05-03 14:37:51,922+0530","service":"FyersAPI"}
{"level":"ERROR","location":"[get_call:183] fyersModel","message":{"API":"/positions","error":"HTTPSConnectionPool(host='api-t1.fyers.in', port=443): Max retries exceeded with url: /api/v3/positions (Caused by NameResolutionError(\"HTTPSConnection(host='api-t1.fyers.in', port=443): Failed to resolve 'api-t1.fyers.in' ([Errno 11001] getaddrinfo failed)\"))"},"timestamp":"2026-05-03 14:38:01,925+0530","service":"FyersAPI"}
{"level":"ERROR","location":"[get_call:183] fyersModel","message":{"API":"/orders","error":"HTTPSConnectionPool(host='api-t1.fyers.in', port=443): Max retries exceeded with url: /api/v3/orders (Caused by NameResolutionError(\"HTTPSConnection(host='api-t1.fyers.in', port=443): Failed to resolve 'api-t1.fyers.in' ([Errno 11001] getaddrinfo failed)\"))"},"timestamp":"2026-05-03 14:38:01,925+0530","service":"FyersAPI"}
{"level":"ERROR","location":"[get_call:183] fyersModel","message":{"API":"/positions","error":"HTTPSConnectionPool(host='api-t1.fyers.in', port=443): Max retries exceeded with url: /api/v3/positions (Caused by NameResolutionError(\"HTTPSConnection(host='api-t1.fyers.in', port=443): Failed to resolve 'api-t1.fyers.in' ([Errno 11001] getaddrinfo failed)\"))"},"timestamp":"2026-05-03 14:38:11,923+0530","service":"FyersAPI"}
{"level":"ERROR","location":"[get_call:183] fyersModel","message":{"API":"/orders","error":"HTTPSConnectionPool(host='api-t1.fyers.in', port=443): Max retries exceeded with url: /api/v3/orders (Caused by NameResolutionError(\"HTTPSConnection(host='api-t1.fyers.in', port=443): Failed to resolve 'api-t1.fyers.in' ([Errno 11001] getaddrinfo failed)\"))"},"timestamp":"2026-05-03 14:38:11,924+0530","service":"FyersAPI"}
{"level":"ERROR","location":"[get_call:165] fyersModel","message":{"API":"/history","Error":{"code":-50,"data":{"date_format":"epoch timestamps needed for range_from and range_to since date_format is 0","from":"from range cannot be greater than to range","range_from":"range_from cannot be greater than current date"},"message":"Invalid input","s":"error"}},"timestamp":"2026-05-04 09:35:48,396+0530","service":"FyersAPI"}
{"level":"ERROR","location":"[post_call:108] fyersModel","message":{"API":"/orders/sync","Error":{"code":-50,"message":"limitPrice does not match: 0","s":"error"}},"timestamp":"2026-05-04 09:55:03,962+0530","service":"FyersAPI"}
{"level":"ERROR","location":"[post_call:108] fyersModel","message":{"API":"/orders/sync","Error":{"code":-50,"message":"limitPrice does not match: 0","s":"error"}},"timestamp":"2026-05-04 09:55:04,779+0530","service":"FyersAPI"}
{"level":"ERROR","location":"[post_call:108] fyersModel","message":{"API":"/orders/sync","Error":{"code":-50,"message":"limitPrice does not match: 0","s":"error"}},"timestamp":"2026-05-04 09:55:05,243+0530","service":"FyersAPI"}
{"level":"ERROR","location":"[post_call:108] fyersModel","message":{"API":"/orders/sync","Error":{"code":-50,"message":"limitPrice does not match: 0","s":"error"}},"timestamp":"2026-05-04 09:55:05,536+0530","service":"FyersAPI"}
{"level":"ERROR","location":"[post_call:108] fyersModel","message":{"API":"/orders/sync","Error":{"code":-50,"message":"limitPrice does not match: 0","s":"error"}},"timestamp":"2026-05-04 09:55:06,014+0530","service":"FyersAPI"}
{"level":"ERROR","location":"[post_call:108] fyersModel","message":{"API":"/orders/sync","Error":{"code":-50,"message":"limitPrice does not match: 0","s":"error"}},"timestamp":"2026-05-04 09:55:06,394+0530","service":"FyersAPI"}
{"level":"ERROR","location":"[post_call:108] fyersModel","message":{"API":"/orders/sync","Error":{"code":-50,"message":"limitPrice does not match: 0","s":"error"}},"timestamp":"2026-05-04 09:55:06,851+0530","service":"FyersAPI"}
{"level":"ERROR","location":"[post_call:108] fyersModel","message":{"API":"/orders/sync","Error":{"code":-50,"message":"limitPrice does not match: 0","s":"error"}},"timestamp":"2026-05-04 09:55:07,591+0530","service":"FyersAPI"}
{"level":"ERROR","location":"[post_call:108] fyersModel","message":{"API":"/orders/sync","Error":{"code":-50,"message":"limitPrice does not match: 0","s":"error"}},"timestamp":"2026-05-04 09:55:08,056+0530","service":"FyersAPI"}
{"level":"ERROR","location":"[post_call:108] fyersModel","message":{"API":"/orders/sync","Error":{"code":-50,"message":"limitPrice does not match: 0","s":"error"}},"timestamp":"2026-05-04 09:55:08,435+0530","service":"FyersAPI"}
{"level":"ERROR","location":"[post_call:108] fyersModel","message":{"API":"/orders/sync","Error":{"code":-50,"message":"limitPrice does not match: 0","s":"error"}},"timestamp":"2026-05-04 09:55:08,821+0530","service":"FyersAPI"}
{"level":"ERROR","location":"[post_call:108] fyersModel","message":{"API":"/orders/sync","Error":{"code":-50,"message":"limitPrice does not match: 0","s":"error"}},"timestamp":"2026-05-04 09:55:09,654+0530","service":"FyersAPI"}
{"level":"ERROR","location":"[post_call:108] fyersModel","message":{"API":"/orders/sync","Error":{"code":-50,"message":"limitPrice does not match: 0","s":"error"}},"timestamp":"2026-05-04 09:55:10,014+0530","service":"FyersAPI"}
{"level":"ERROR","location":"[post_call:108] fyersModel","message":{"API":"/orders/sync","Error":{"code":-50,"message":"limitPrice does not match: 0","s":"error"}},"timestamp":"2026-05-04 09:55:10,857+0530","service":"FyersAPI"}
{"level":"ERROR","location":"[post_call:108] fyersModel","message":{"API":"/orders/sync","Error":{"code":-50,"message":"limitPrice does not match: 0","s":"error"}},"timestamp":"2026-05-04 09:55:11,238+0530","service":"FyersAPI"}
{"level":"ERROR","location":"[post_call:108] fyersModel","message":{"API":"/orders/sync","Error":{"code":-50,"message":"limitPrice does not match: 0","s":"error"}},"timestamp":"2026-05-04 09:55:11,620+0530","service":"FyersAPI"}
{"level":"ERROR","location":"[post_call:108] fyersModel","message":{"API":"/orders/sync","Error":{"code":-50,"message":"limitPrice does not match: 0","s":"error"}},"timestamp":"2026-05-04 09:55:12,000+0530","service":"FyersAPI"}
{"level":"ERROR","location":"[post_call:108] fyersModel","message":{"API":"/orders/sync","Error":{"code":-50,"message":"limitPrice does not match: 0","s":"error"}},"timestamp":"2026-05-04 09:55:12,500+0530","service":"FyersAPI"}
{"level":"ERROR","location":"[post_call:108] fyersModel","message":{"API":"/orders/sync","Error":{"code":-50,"message":"limitPrice does not match: 0","s":"error"}},"timestamp":"2026-05-04 09:55:13,235+0530","service":"FyersAPI"}
{"level":"ERROR","location":"[post_call:108] fyersModel","message":{"API":"/orders/sync","Error":{"code":-50,"message":"limitPrice does not match: 0","s":"error"}},"timestamp":"2026-05-04 09:55:13,616+0530","service":"FyersAPI"}
{"level":"ERROR","location":"[post_call:108] fyersModel","message":{"API":"/orders/sync","Error":{"code":-50,"message":"limitPrice does not match: 0","s":"error"}},"timestamp":"2026-05-04 09:55:14,486+0530","service":"FyersAPI"}
{"level":"ERROR","location":"[post_call:108] fyersModel","message":{"API":"/orders/sync","Error":{"code":-50,"message":"limitPrice does not match: 0","s":"error"}},"timestamp":"2026-05-04 09:55:14,863+0530","service":"FyersAPI"}
{"level":"ERROR","location":"[post_call:108] fyersModel","message":{"API":"/orders/sync","Error":{"code":-50,"message":"limitPrice does not match: 0","s":"error"}},"timestamp":"2026-05-04 10:15:22,615+0530","service":"FyersAPI"}
{"level":"ERROR","location":"[post_call:108] fyersModel","message":{"API":"/orders/sync","Error":{"code":-50,"message":"limitPrice does not match: 0","s":"error"}},"timestamp":"2026-05-04 10:15:23,115+0530","service":"FyersAPI"}
{"level":"ERROR","location":"[post_call:108] fyersModel","message":{"API":"/orders/sync","Error":{"code":-50,"message":"limitPrice does not match: 0","s":"error"}},"timestamp":"2026-05-04 10:15:23,911+0530","service":"FyersAPI"}
{"level":"ERROR","location":"[post_call:108] fyersModel","message":{"API":"/orders/sync","Error":{"code":-50,"message":"limitPrice does not match: 0","s":"error"}},"timestamp":"2026-05-04 10:15:24,320+0530","service":"FyersAPI"}
{"level":"ERROR","location":"[post_call:108] fyersModel","message":{"API":"/orders/sync","Error":{"code":-50,"message":"limitPrice does not match: 0","s":"error"}},"timestamp":"2026-05-04 10:15:24,657+0530","service":"FyersAPI"}
{"level":"ERROR","location":"[post_call:108] fyersModel","message":{"API":"/orders/sync","Error":{"code":-50,"message":"limitPrice does not match: 0","s":"error"}},"timestamp":"2026-05-04 10:15:25,150+0530","service":"FyersAPI"}
{"level":"ERROR","location":"[post_call:108] fyersModel","message":{"API":"/orders/sync","Error":{"code":-50,"message":"limitPrice does not match: 0","s":"error"}},"timestamp":"2026-05-04 10:15:25,556+0530","service":"FyersAPI"}
{"level":"ERROR","location":"[post_call:108] fyersModel","message":{"API":"/orders/sync","Error":{"code":-50,"message":"limitPrice does not match: 0","s":"error"}},"timestamp":"2026-05-04 10:15:25,957+0530","service":"FyersAPI"}
{"level":"ERROR","location":"[post_call:108] fyersModel","message":{"API":"/orders/sync","Error":{"code":-50,"message":"limitPrice does not match: 0","s":"error"}},"timestamp":"2026-05-04 10:15:26,362+0530","service":"FyersAPI"}
{"level":"ERROR","location":"[post_call:108] fyersModel","message":{"API":"/orders/sync","Error":{"code":-50,"message":"limitPrice does not match: 0","s":"error"}},"timestamp":"2026-05-04 10:15:27,083+0530","service":"FyersAPI"}
{"level":"ERROR","location":"[post_call:108] fyersModel","message":{"API":"/orders/sync","Error":{"code":-50,"message":"limitPrice does not match: 0","s":"error"}},"timestamp":"2026-05-04 10:15:27,472+0530","service":"FyersAPI"}
{"level":"ERROR","location":"[post_call:108] fyersModel","message":{"API":"/orders/sync","Error":{"code":-50,"message":"limitPrice does not match: 0","s":"error"}},"timestamp":"2026-05-04 10:15:28,027+0530","service":"FyersAPI"}
{"level":"ERROR","location":"[post_call:108] fyersModel","message":{"API":"/orders/sync","Error":{"code":-50,"message":"limitPrice does not match: 0","s":"error"}},"timestamp":"2026-05-04 10:15:28,334+0530","service":"FyersAPI"}
{"level":"ERROR","location":"[post_call:108] fyersModel","message":{"API":"/orders/sync","Error":{"code":-50,"message":"limitPrice does not match: 0","s":"error"}},"timestamp":"2026-05-04 10:15:28,709+0530","service":"FyersAPI"}
{"level":"ERROR","location":"[post_call:108] fyersModel","message":{"API":"/orders/sync","Error":{"code":-50,"message":"limitPrice does not match: 0","s":"error"}},"timestamp":"2026-05-04 10:15:29,118+0530","service":"FyersAPI"}
{"level":"ERROR","location":"[post_call:108] fyersModel","message":{"API":"/orders/sync","Error":{"code":-50,"message":"limitPrice does not match: 0","s":"error"}},"timestamp":"2026-05-04 10:15:29,509+0530","service":"FyersAPI"}
{"level":"ERROR","location":"[post_call:108] fyersModel","message":{"API":"/orders/sync","Error":{"code":-50,"message":"limitPrice does not match: 0","s":"error"}},"timestamp":"2026-05-04 10:15:30,347+0530","service":"FyersAPI"}
{"level":"ERROR","location":"[post_call:108] fyersModel","message":{"API":"/orders/sync","Error":{"code":-50,"message":"limitPrice does not match: 0","s":"error"}},"timestamp":"2026-05-04 10:27:39,771+0530","service":"FyersAPI"}
{"level":"ERROR","location":"[post_call:108] fyersModel","message":{"API":"/orders/sync","Error":{"code":-50,"message":"limitPrice does not match: 0","s":"error"}},"timestamp":"2026-05-04 10:27:40,176+0530","service":"FyersAPI"}
{"level":"ERROR","location":"[post_call:108] fyersModel","message":{"API":"/orders/sync","Error":{"code":-50,"message":"limitPrice does not match: 0","s":"error"}},"timestamp":"2026-05-04 10:27:40,595+0530","service":"FyersAPI"}
{"level":"ERROR","location":"[post_call:108] fyersModel","message":{"API":"/orders/sync","Error":{"code":-50,"message":"limitPrice does not match: 0","s":"error"}},"timestamp":"2026-05-04 10:27:41,016+0530","service":"FyersAPI"}
{"level":"ERROR","location":"[post_call:108] fyersModel","message":{"API":"/orders/sync","Error":{"code":-50,"message":"limitPrice does not match: 0","s":"error"}},"timestamp":"2026-05-04 10:27:41,338+0530","service":"FyersAPI"}
{"level":"ERROR","location":"[post_call:108] fyersModel","message":{"API":"/orders/sync","Error":{"code":-50,"message":"limitPrice does not match: 0","s":"error"}},"timestamp":"2026-05-04 10:27:41,842+0530","service":"FyersAPI"}
{"level":"ERROR","location":"[post_call:108] fyersModel","message":{"API":"/orders/sync","Error":{"code":-50,"message":"limitPrice does not match: 0","s":"error"}},"timestamp":"2026-05-04 10:27:42,157+0530","service":"FyersAPI"}
{"level":"ERROR","location":"[post_call:108] fyersModel","message":{"API":"/orders/sync","Error":{"code":-50,"message":"limitPrice does not match: 0","s":"error"}},"timestamp":"2026-05-04 10:27:42,575+0530","service":"FyersAPI"}
{"level":"ERROR","location":"[post_call:108] fyersModel","message":{"API":"/orders/sync","Error":{"code":-50,"message":"limitPrice does not match: 0","s":"error"}},"timestamp":"2026-05-04 10:27:42,993+0530","service":"FyersAPI"}
{"level":"ERROR","location":"[post_call:108] fyersModel","message":{"API":"/orders/sync","Error":{"code":-50,"message":"limitPrice does not match: 0","s":"error"}},"timestamp":"2026-05-04 10:27:43,437+0530","service":"FyersAPI"}
{"level":"ERROR","location":"[post_call:108] fyersModel","message":{"API":"/orders/sync","Error":{"code":-50,"message":"limitPrice does not match: 0","s":"error"}},"timestamp":"2026-05-04 10:27:43,867+0530","service":"FyersAPI"}
{"level":"ERROR","location":"[post_call:108] fyersModel","message":{"API":"/orders/sync","Error":{"code":-50,"message":"limitPrice does not match: 0","s":"error"}},"timestamp":"2026-05-04 10:27:44,239+0530","service":"FyersAPI"}
{"level":"ERROR","location":"[post_call:108] fyersModel","message":{"API":"/orders/sync","Error":{"code":-50,"message":"limitPrice does not match: 0","s":"error"}},"timestamp":"2026-05-04 10:27:44,644+0530","service":"FyersAPI"}
{"level":"ERROR","location":"[post_call:108] fyersModel","message":{"API":"/orders/sync","Error":{"code":-50,"message":"limitPrice does not match: 0","s":"error"}},"timestamp":"2026-05-04 10:27:45,484+0530","service":"FyersAPI"}
{"level":"ERROR","location":"[post_call:108] fyersModel","message":{"API":"/orders/sync","Error":{"code":-50,"message":"limitPrice does not match: 0","s":"error"}},"timestamp":"2026-05-04 10:27:46,288+0530","service":"FyersAPI"}
{"level":"ERROR","location":"[post_call:108] fyersModel","message":{"API":"/orders/sync","Error":{"code":-50,"message":"limitPrice does not match: 0","s":"error"}},"timestamp":"2026-05-04 10:27:46,709+0530","service":"FyersAPI"}
{"level":"ERROR","location":"[post_call:108] fyersModel","message":{"API":"/orders/sync","Error":{"code":-50,"message":"limitPrice does not match: 0","s":"error"}},"timestamp":"2026-05-04 10:27:47,425+0530","service":"FyersAPI"}
{"level":"ERROR","location":"[post_call:108] fyersModel","message":{"API":"/orders/sync","Error":{"code":-50,"message":"limitPrice does not match: 0","s":"error"}},"timestamp":"2026-05-05 10:05:35,387+0530","service":"FyersAPI"}
{"level":"ERROR","location":"[post_call:108] fyersModel","message":{"API":"/orders/sync","Error":{"code":-50,"message":"limitPrice does not match: 0","s":"error"}},"timestamp":"2026-05-05 10:05:37,504+0530","service":"FyersAPI"}
{"level":"ERROR","location":"[post_call:108] fyersModel","message":{"API":"/orders/sync","Error":{"code":-50,"message":"limitPrice does not match: 0","s":"error"}},"timestamp":"2026-05-05 10:09:25,575+0530","service":"FyersAPI"}
{"level":"ERROR","location":"[post_call:108] fyersModel","message":{"API":"/orders/sync","Error":{"code":-50,"message":"limitPrice does not match: 0","s":"error"}},"timestamp":"2026-05-05 10:09:27,672+0530","service":"FyersAPI"}
{"level":"ERROR","location":"[post_call:108] fyersModel","message":{"API":"/orders/sync","Error":{"code":-50,"message":"LimitPrice not a multiple of tick size 0.1000","s":"error"}},"timestamp":"2026-05-11 09:17:09,650+0530","service":"FyersAPI"}
{"level":"ERROR","location":"[post_call:108] fyersModel","message":{"API":"/orders/sync","Error":{"code":-50,"message":"LimitPrice not a multiple of tick size 0.1000","s":"error"}},"timestamp":"2026-05-11 09:17:11,809+0530","service":"FyersAPI"}
{"level":"ERROR","location":"[patch_call:264] fyersModel","message":{"API":"/orders/sync","Error":{"code":-50,"message":"qty: Must be greater than or equal to 1","s":"error","id":"26051100042032"}},"timestamp":"2026-05-11 09:31:01,408+0530","service":"FyersAPI"}
{"level":"ERROR","location":"[patch_call:264] fyersModel","message":{"API":"/orders/sync","Error":{"code":-50,"message":"qty: Must be greater than or equal to 1","s":"error","id":"26051100042032"}},"timestamp":"2026-05-11 09:31:02,743+0530","service":"FyersAPI"}
{"level":"ERROR","location":"[patch_call:264] fyersModel","message":{"API":"/orders/sync","Error":{"code":-50,"message":"qty: Must be greater than or equal to 1","s":"error","id":"26051100042032"}},"timestamp":"2026-05-11 09:31:03,065+0530","service":"FyersAPI"}
{"level":"ERROR","location":"[patch_call:264] fyersModel","message":{"API":"/orders/sync","Error":{"code":-50,"message":"qty: Must be greater than or equal to 1","s":"error","id":"26051100042032"}},"timestamp":"2026-05-11 09:31:07,339+0530","service":"FyersAPI"}
{"level":"ERROR","location":"[patch_call:264] fyersModel","message":{"API":"/orders/sync","Error":{"code":-50,"message":"qty: Must be greater than or equal to 1","s":"error","id":"26051100042032"}},"timestamp":"2026-05-11 09:31:07,984+0530","service":"FyersAPI"}
{"level":"ERROR","location":"[patch_call:264] fyersModel","message":{"API":"/orders/sync","Error":{"code":-50,"message":"qty: Must be greater than or equal to 1","s":"error","id":"26051100042032"}},"timestamp":"2026-05-11 09:31:08,575+0530","service":"FyersAPI"}
{"level":"ERROR","location":"[patch_call:264] fyersModel","message":{"API":"/orders/sync","Error":{"code":-50,"message":"qty: Must be greater than or equal to 1","s":"error","id":"26051100042032"}},"timestamp":"2026-05-11 09:31:09,365+0530","service":"FyersAPI"}
{"level":"ERROR","location":"[patch_call:264] fyersModel","message":{"API":"/orders/sync","Error":{"code":-50,"message":"qty: Must be greater than or equal to 1","s":"error","id":"26051100042032"}},"timestamp":"2026-05-11 09:31:09,674+0530","service":"FyersAPI"}
{"level":"ERROR","location":"[patch_call:264] fyersModel","message":{"API":"/orders/sync","Error":{"code":-50,"message":"qty: Must be greater than or equal to 1","s":"error","id":"26051100042032"}},"timestamp":"2026-05-11 09:31:10,592+0530","service":"FyersAPI"}
{"level":"ERROR","location":"[patch_call:264] fyersModel","message":{"API":"/orders/sync","Error":{"code":-50,"message":"qty: Must be greater than or equal to 1","s":"error","id":"26051100042032"}},"timestamp":"2026-05-11 09:31:10,902+0530","service":"FyersAPI"}
{"level":"ERROR","location":"[patch_call:264] fyersModel","message":{"API":"/orders/sync","Error":{"code":-50,"message":"qty: Must be greater than or equal to 1","s":"error","id":"26051100042032"}},"timestamp":"2026-05-11 09:31:11,010+0530","service":"FyersAPI"}
{"level":"ERROR","location":"[patch_call:264] fyersModel","message":{"API":"/orders/sync","Error":{"code":-50,"message":"qty: Must be greater than or equal to 1","s":"error","id":"26051100042032"}},"timestamp":"2026-05-11 09:31:12,245+0530","service":"FyersAPI"}
{"level":"ERROR","location":"[patch_call:264] fyersModel","message":{"API":"/orders/sync","Error":{"code":-50,"message":"qty: Must be greater than or equal to 1","s":"error","id":"26051100042032"}},"timestamp":"2026-05-11 09:31:12,280+0530","service":"FyersAPI"}
{"level":"ERROR","location":"[patch_call:264] fyersModel","message":{"API":"/orders/sync","Error":{"code":-50,"message":"qty: Must be greater than or equal to 1","s":"error","id":"26051100042032"}},"timestamp":"2026-05-11 09:31:12,946+0530","service":"FyersAPI"}
{"level":"ERROR","location":"[patch_call:264] fyersModel","message":{"API":"/orders/sync","Error":{"code":-50,"message":"qty: Must be greater than or equal to 1","s":"error","id":"26051100042032"}},"timestamp":"2026-05-11 09:31:13,065+0530","service":"FyersAPI"}
{"level":"ERROR","location":"[patch_call:264] fyersModel","message":{"API":"/orders/sync","Error":{"code":-50,"message":"qty: Must be greater than or equal to 1","s":"error","id":"26051100042032"}},"timestamp":"2026-05-11 09:31:14,308+0530","service":"FyersAPI"}
{"level":"ERROR","location":"[patch_call:264] fyersModel","message":{"API":"/orders/sync","Error":{"code":-50,"message":"qty: Must be greater than or equal to 1","s":"error","id":"26051100042032"}},"timestamp":"2026-05-11 09:31:15,230+0530","service":"FyersAPI"}
{"level":"ERROR","location":"[patch_call:264] fyersModel","message":{"API":"/orders/sync","Error":{"code":-50,"message":"qty: Must be greater than or equal to 1","s":"error","id":"26051100042032"}},"timestamp":"2026-05-11 09:31:15,541+0530","service":"FyersAPI"}
{"level":"ERROR","location":"[patch_call:264] fyersModel","message":{"API":"/orders/sync","Error":{"code":-50,"message":"qty: Must be greater than or equal to 1","s":"error","id":"26051100042032"}},"timestamp":"2026-05-11 09:31:16,438+0530","service":"FyersAPI"}
{"level":"ERROR","location":"[patch_call:264] fyersModel","message":{"API":"/orders/sync","Error":{"code":-50,"message":"qty: Must be greater than or equal to 1","s":"error","id":"26051100042032"}},"timestamp":"2026-05-11 09:31:16,677+0530","service":"FyersAPI"}
{"level":"ERROR","location":"[patch_call:264] fyersModel","message":{"API":"/orders/sync","Error":{"code":-50,"message":"qty: Must be greater than or equal to 1","s":"error","id":"26051100042032"}},"timestamp":"2026-05-11 09:31:17,178+0530","service":"FyersAPI"}
{"level":"ERROR","location":"[patch_call:264] fyersModel","message":{"API":"/orders/sync","Error":{"code":-50,"message":"qty: Must be greater than or equal to 1","s":"error","id":"26051100042032"}},"timestamp":"2026-05-11 09:31:17,895+0530","service":"FyersAPI"}
{"level":"ERROR","location":"[patch_call:264] fyersModel","message":{"API":"/orders/sync","Error":{"code":-50,"message":"qty: Must be greater than or equal to 1","s":"error","id":"26051100042032"}},"timestamp":"2026-05-11 09:31:18,716+0530","service":"FyersAPI"}
{"level":"ERROR","location":"[patch_call:264] fyersModel","message":{"API":"/orders/sync","Error":{"code":-50,"message":"qty: Must be greater than or equal to 1","s":"error","id":"26051100042032"}},"timestamp":"2026-05-11 09:31:19,316+0530","service":"FyersAPI"}
{"level":"ERROR","location":"[patch_call:264] fyersModel","message":{"API":"/orders/sync","Error":{"code":-50,"message":"qty: Must be greater than or equal to 1","s":"error","id":"26051100042032"}},"timestamp":"2026-05-11 09:31:19,810+0530","service":"FyersAPI"}
{"level":"ERROR","location":"[patch_call:264] fyersModel","message":{"API":"/orders/sync","Error":{"code":-50,"message":"qty: Must be greater than or equal to 1","s":"error","id":"26051100042032"}},"timestamp":"2026-05-11 09:31:19,880+0530","service":"FyersAPI"}
{"level":"ERROR","location":"[patch_call:264] fyersModel","message":{"API":"/orders/sync","Error":{"code":-50,"message":"qty: Must be greater than or equal to 1","s":"error","id":"26051100042032"}},"timestamp":"2026-05-11 09:31:20,306+0530","service":"FyersAPI"}
{"level":"ERROR","location":"[patch_call:264] fyersModel","message":{"API":"/orders/sync","Error":{"code":-50,"message":"qty: Must be greater than or equal to 1","s":"error","id":"26051100042032"}},"timestamp":"2026-05-11 09:31:20,758+0530","service":"FyersAPI"}
{"level":"ERROR","location":"[patch_call:264] fyersModel","message":{"API":"/orders/sync","Error":{"code":-50,"message":"qty: Must be greater than or equal to 1","s":"error","id":"26051100042032"}},"timestamp":"2026-05-11 09:31:21,380+0530","service":"FyersAPI"}
{"level":"ERROR","location":"[patch_call:264] fyersModel","message":{"API":"/orders/sync","Error":{"code":-50,"message":"qty: Must be greater than or equal to 1","s":"error","id":"26051100042032"}},"timestamp":"2026-05-11 09:31:22,983+0530","service":"FyersAPI"}
{"level":"ERROR","location":"[patch_call:264] fyersModel","message":{"API":"/orders/sync","Error":{"code":-50,"message":"qty: Must be greater than or equal to 1","s":"error","id":"26051100042032"}},"timestamp":"2026-05-11 09:31:23,100+0530","service":"FyersAPI"}
{"level":"ERROR","location":"[patch_call:264] fyersModel","message":{"API":"/orders/sync","Error":{"code":-50,"message":"qty: Must be greater than or equal to 1","s":"error","id":"26051100042032"}},"timestamp":"2026-05-11 09:31:23,544+0530","service":"FyersAPI"}
{"level":"ERROR","location":"[patch_call:264] fyersModel","message":{"API":"/orders/sync","Error":{"code":-50,"message":"qty: Must be greater than or equal to 1","s":"error","id":"26051100042032"}},"timestamp":"2026-05-11 09:31:24,089+0530","service":"FyersAPI"}
{"level":"ERROR","location":"[patch_call:264] fyersModel","message":{"API":"/orders/sync","Error":{"code":-50,"message":"qty: Must be greater than or equal to 1","s":"error","id":"26051100042032"}},"timestamp":"2026-05-11 09:31:24,346+0530","service":"FyersAPI"}
{"level":"ERROR","location":"[patch_call:264] fyersModel","message":{"API":"/orders/sync","Error":{"code":-50,"message":"qty: Must be greater than or equal to 1","s":"error","id":"26051100042032"}},"timestamp":"2026-05-11 09:31:24,762+0530","service":"FyersAPI"}
{"level":"ERROR","location":"[patch_call:264] fyersModel","message":{"API":"/orders/sync","Error":{"code":-50,"message":"qty: Must be greater than or equal to 1","s":"error","id":"26051100042032"}},"timestamp":"2026-05-11 09:31:25,270+0530","service":"FyersAPI"}
{"level":"ERROR","location":"[patch_call:264] fyersModel","message":{"API":"/orders/sync","Error":{"code":-50,"message":"qty: Must be greater than or equal to 1","s":"error","id":"26051100042032"}},"timestamp":"2026-05-11 09:31:25,928+0530","service":"FyersAPI"}
{"level":"ERROR","location":"[patch_call:264] fyersModel","message":{"API":"/orders/sync","Error":{"code":-50,"message":"qty: Must be greater than or equal to 1","s":"error","id":"26051100042032"}},"timestamp":"2026-05-11 09:31:25,959+0530","service":"FyersAPI"}
{"level":"ERROR","location":"[patch_call:264] fyersModel","message":{"API":"/orders/sync","Error":{"code":-50,"message":"qty: Must be greater than or equal to 1","s":"error","id":"26051100042032"}},"timestamp":"2026-05-11 09:31:26,260+0530","service":"FyersAPI"}
{"level":"ERROR","location":"[patch_call:264] fyersModel","message":{"API":"/orders/sync","Error":{"code":-50,"message":"qty: Must be greater than or equal to 1","s":"error","id":"26051100042032"}},"timestamp":"2026-05-11 09:31:27,181+0530","service":"FyersAPI"}
{"level":"ERROR","location":"[patch_call:264] fyersModel","message":{"API":"/orders/sync","Error":{"code":-50,"message":"qty: Must be greater than or equal to 1","s":"error","id":"26051100042032"}},"timestamp":"2026-05-11 09:31:27,622+0530","service":"FyersAPI"}
{"level":"ERROR","location":"[patch_call:264] fyersModel","message":{"API":"/orders/sync","Error":{"code":-50,"message":"qty: Must be greater than or equal to 1","s":"error","id":"26051100042032"}},"timestamp":"2026-05-11 09:31:28,717+0530","service":"FyersAPI"}
{"level":"ERROR","location":"[patch_call:264] fyersModel","message":{"API":"/orders/sync","Error":{"code":-50,"message":"qty: Must be greater than or equal to 1","s":"error","id":"26051100042032"}},"timestamp":"2026-05-11 09:31:30,149+0530","service":"FyersAPI"}
{"level":"ERROR","location":"[patch_call:264] fyersModel","message":{"API":"/orders/sync","Error":{"code":-50,"message":"qty: Must be greater than or equal to 1","s":"error","id":"26051100042032"}},"timestamp":"2026-05-11 09:31:30,179+0530","service":"FyersAPI"}
{"level":"ERROR","location":"[patch_call:264] fyersModel","message":{"API":"/orders/sync","Error":{"code":-50,"message":"qty: Must be greater than or equal to 1","s":"error","id":"26051100042032"}},"timestamp":"2026-05-11 09:31:30,716+0530","service":"FyersAPI"}
{"level":"ERROR","location":"[patch_call:264] fyersModel","message":{"API":"/orders/sync","Error":{"code":-50,"message":"qty: Must be greater than or equal to 1","s":"error","id":"26051100042032"}},"timestamp":"2026-05-11 09:31:31,122+0530","service":"FyersAPI"}
{"level":"ERROR","location":"[patch_call:264] fyersModel","message":{"API":"/orders/sync","Error":{"code":-50,"message":"qty: Must be greater than or equal to 1","s":"error","id":"26051100042032"}},"timestamp":"2026-05-11 09:31:31,614+0530","service":"FyersAPI"}
{"level":"ERROR","location":"[patch_call:264] fyersModel","message":{"API":"/orders/sync","Error":{"code":-50,"message":"qty: Must be greater than or equal to 1","s":"error","id":"26051100042032"}},"timestamp":"2026-05-11 09:31:32,224+0530","service":"FyersAPI"}
{"level":"ERROR","location":"[patch_call:264] fyersModel","message":{"API":"/orders/sync","Error":{"code":-50,"message":"qty: Must be greater than or equal to 1","s":"error","id":"26051100042032"}},"timestamp":"2026-05-11 09:31:32,739+0530","service":"FyersAPI"}
{"level":"ERROR","location":"[patch_call:264] fyersModel","message":{"API":"/orders/sync","Error":{"code":-50,"message":"qty: Must be greater than or equal to 1","s":"error","id":"26051100042032"}},"timestamp":"2026-05-11 09:31:33,312+0530","service":"FyersAPI"}
{"level":"ERROR","location":"[patch_call:264] fyersModel","message":{"API":"/orders/sync","Error":{"code":-50,"message":"qty: Must be greater than or equal to 1","s":"error","id":"26051100042032"}},"timestamp":"2026-05-11 09:31:33,572+0530","service":"FyersAPI"}
{"level":"ERROR","location":"[patch_call:264] fyersModel","message":{"API":"/orders/sync","Error":{"code":-50,"message":"qty: Must be greater than or equal to 1","s":"error","id":"26051100042032"}},"timestamp":"2026-05-11 09:31:34,491+0530","service":"FyersAPI"}
{"level":"ERROR","location":"[patch_call:264] fyersModel","message":{"API":"/orders/sync","Error":{"code":-50,"message":"qty: Must be greater than or equal to 1","s":"error","id":"26051100042032"}},"timestamp":"2026-05-11 09:31:34,811+0530","service":"FyersAPI"}
{"level":"ERROR","location":"[patch_call:264] fyersModel","message":{"API":"/orders/sync","Error":{"code":-50,"message":"qty: Must be greater than or equal to 1","s":"error","id":"26051100042032"}},"timestamp":"2026-05-11 09:31:35,099+0530","service":"FyersAPI"}
