{"level":"DEBUG","location":"[get_call:159] fyersModel","message":{"Status Code":200,"API":"/quotes"},"timestamp":"2026-04-25 13:02:34,975+0530","service":"FyersAPIRequest"}
{"level":"DEBUG","location":"[get_call:159] fyersModel","message":{"Status Code":200,"API":"/history"},"timestamp":"2026-04-30 17:37:12,832+0530","service":"FyersAPIRequest"}
{"level":"DEBUG","location":"[get_call:159] fyersModel","message":{"Status Code":200,"API":"/history"},"timestamp":"2026-04-30 17:37:12,870+0530","service":"FyersAPIRequest"}
{"level":"DEBUG","location":"[get_call:159] fyersModel","message":{"Status Code":200,"API":"/history"},"timestamp":"2026-04-30 17:37:12,904+0530","service":"FyersAPIRequest"}
{"level":"DEBUG","location":"[get_call:159] fyersModel","message":{"Status Code":200,"API":"/history"},"timestamp":"2026-04-30 17:42:59,906+0530","service":"FyersAPIRequest"}
{"level":"DEBUG","location":"[get_call:159] fyersModel","message":{"Status Code":200,"API":"/history"},"timestamp":"2026-04-30 17:42:59,937+0530","service":"FyersAPIRequest"}
{"level":"DEBUG","location":"[get_call:159] fyersModel","message":{"Status Code":200,"API":"/history"},"timestamp":"2026-04-30 17:42:59,963+0530","service":"FyersAPIRequest"}
{"level":"DEBUG","location":"[get_call:159] fyersModel","message":{"Status Code":200,"API":"/history"},"timestamp":"2026-04-30 18:13:10,738+0530","service":"FyersAPIRequest"}
{"level":"DEBUG","location":"[get_call:159] fyersModel","message":{"Status Code":200,"API":"/history"},"timestamp":"2026-04-30 18:13:10,834+0530","service":"FyersAPIRequest"}
{"level":"DEBUG","location":"[get_call:159] fyersModel","message":{"Status Code":200,"API":"/history"},"timestamp":"2026-04-30 18:13:10,937+0530","service":"FyersAPIRequest"}
{"level":"DEBUG","location":"[get_call:159] fyersModel","message":{"Status Code":200,"API":"/history"},"timestamp":"2026-05-01 14:06:58,162+0530","service":"FyersAPIRequest"}
{"level":"DEBUG","location":"[get_call:159] fyersModel","message":{"Status Code":401,"API":"/history"},"timestamp":"2026-05-01 16:48:23,832+0530","service":"FyersAPIRequest"}
{"level":"DEBUG","location":"[get_call:159] fyersModel","message":{"Status Code":401,"API":"/history"},"timestamp":"2026-05-01 16:54:12,310+0530","service":"FyersAPIRequest"}
{"level":"DEBUG","location":"[get_call:159] fyersModel","message":{"Status Code":401,"API":"/history"},"timestamp":"2026-05-01 16:56:21,328+0530","service":"FyersAPIRequest"}
{"level":"DEBUG","location":"[get_call:159] fyersModel","message":{"Status Code":200,"API":"/history"},"timestamp":"2026-05-01 16:58:57,801+0530","service":"FyersAPIRequest"}
{"level":"DEBUG","location":"[get_call:159] fyersModel","message":{"Status Code":200,"API":"/history"},"timestamp":"2026-05-03 13:11:32,769+0530","service":"FyersAPIRequest"}
{"level":"DEBUG","location":"[get_call:159] fyersModel","message":{"Status Code":200,"API":"/history"},"timestamp":"2026-05-03 14:09:38,585+0530","service":"FyersAPIRequest"}
{"level":"DEBUG","location":"[get_call:159] fyersModel","message":{"Status Code":200,"API":"/positions"},"timestamp":"2026-05-03 14:09:38,610+0530","service":"FyersAPIRequest"}
{"level":"DEBUG","location":"[get_call:159] fyersModel","message":{"Status Code":200,"API":"/orders"},"timestamp":"2026-05-03 14:09:38,636+0530","service":"FyersAPIRequest"}
{"level":"DEBUG","location":"[get_call:159] fyersModel","message":{"Status Code":200,"API":"/history"},"timestamp":"2026-05-03 14:18:11,514+0530","service":"FyersAPIRequest"}
{"level":"DEBUG","location":"[get_call:159] fyersModel","message":{"Status Code":200,"API":"/positions"},"timestamp":"2026-05-03 14:18:11,547+0530","service":"FyersAPIRequest"}
{"level":"DEBUG","location":"[get_call:159] fyersModel","message":{"Status Code":200,"API":"/orders"},"timestamp":"2026-05-03 14:18:11,576+0530","service":"FyersAPIRequest"}
{"level":"DEBUG","location":"[get_call:159] fyersModel","message":{"Status Code":200,"API":"/positions"},"timestamp":"2026-05-03 14:18:13,610+0530","service":"FyersAPIRequest"}
{"level":"DEBUG","location":"[get_call:159] fyersModel","message":{"Status Code":200,"API":"/orders"},"timestamp":"2026-05-03 14:18:13,640+0530","service":"FyersAPIRequest"}
{"level":"DEBUG","location":"[get_call:159] fyersModel","message":{"Status Code":200,"API":"/history"},"timestamp":"2026-05-03 14:29:19,920+0530","service":"FyersAPIRequest"}
{"level":"DEBUG","location":"[get_call:159] fyersModel","message":{"Status Code":200,"API":"/positions"},"timestamp":"2026-05-03 14:29:19,947+0530","service":"FyersAPIRequest"}
{"level":"DEBUG","location":"[get_call:159] fyersModel","message":{"Status Code":200,"API":"/orders"},"timestamp":"2026-05-03 14:29:19,976+0530","service":"FyersAPIRequest"}
{"level":"DEBUG","location":"[get_call:159] fyersModel","message":{"Status Code":200,"API":"/positions"},"timestamp":"2026-05-03 14:29:22,010+0530","service":"FyersAPIRequest"}
{"level":"DEBUG","location":"[get_call:159] fyersModel","message":{"Status Code":200,"API":"/orders"},"timestamp":"2026-05-03 14:29:22,041+0530","service":"FyersAPIRequest"}
{"level":"DEBUG","location":"[get_call:159] fyersModel","message":{"Status Code":200,"API":"/history"},"timestamp":"2026-05-03 14:32:35,298+0530","service":"FyersAPIRequest"}
{"level":"DEBUG","location":"[get_call:159] fyersModel","message":{"Status Code":200,"API":"/positions"},"timestamp":"2026-05-03 14:32:35,325+0530","service":"FyersAPIRequest"}
{"level":"DEBUG","location":"[get_call:159] fyersModel","message":{"Status Code":200,"API":"/orders"},"timestamp":"2026-05-03 14:32:35,350+0530","service":"FyersAPIRequest"}
{"level":"DEBUG","location":"[get_call:159] fyersModel","message":{"Status Code":200,"API":"/positions"},"timestamp":"2026-05-03 14:32:37,380+0530","service":"FyersAPIRequest"}
{"level":"DEBUG","location":"[get_call:159] fyersModel","message":{"Status Code":200,"API":"/orders"},"timestamp":"2026-05-03 14:32:37,405+0530","service":"FyersAPIRequest"}
{"level":"DEBUG","location":"[get_call:159] fyersModel","message":{"Status Code":200,"API":"/history"},"timestamp":"2026-05-03 14:58:19,179+0530","service":"FyersAPIRequest"}
{"level":"DEBUG","location":"[get_call:159] fyersModel","message":{"Status Code":200,"API":"/positions"},"timestamp":"2026-05-03 14:58:19,204+0530","service":"FyersAPIRequest"}
{"level":"DEBUG","location":"[get_call:159] fyersModel","message":{"Status Code":200,"API":"/orders"},"timestamp":"2026-05-03 14:58:19,228+0530","service":"FyersAPIRequest"}
{"level":"DEBUG","location":"[get_call:159] fyersModel","message":{"Status Code":200,"API":"/positions"},"timestamp":"2026-05-03 14:58:21,266+0530","service":"FyersAPIRequest"}
{"level":"DEBUG","location":"[get_call:159] fyersModel","message":{"Status Code":200,"API":"/orders"},"timestamp":"2026-05-03 14:58:21,294+0530","service":"FyersAPIRequest"}
{"level":"DEBUG","location":"[get_call:159] fyersModel","message":{"Status Code":200,"API":"/positions"},"timestamp":"2026-05-03 16:57:20,173+0530","service":"FyersAPIRequest"}
{"level":"DEBUG","location":"[get_call:159] fyersModel","message":{"Status Code":200,"API":"/orders"},"timestamp":"2026-05-03 16:57:20,210+0530","service":"FyersAPIRequest"}
{"level":"DEBUG","location":"[get_call:159] fyersModel","message":{"Status Code":422,"API":"/history"},"timestamp":"2026-05-04 09:35:48,395+0530","service":"FyersAPIRequest"}
{"level":"DEBUG","location":"[get_call:159] fyersModel","message":{"Status Code":200,"API":"/history"},"timestamp":"2026-05-04 09:37:48,127+0530","service":"FyersAPIRequest"}
{"level":"DEBUG","location":"[get_call:159] fyersModel","message":{"Status Code":200,"API":"/history"},"timestamp":"2026-05-04 09:39:19,846+0530","service":"FyersAPIRequest"}
{"level":"DEBUG","location":"[get_call:159] fyersModel","message":{"Status Code":200,"API":"/positions"},"timestamp":"2026-05-04 09:39:19,878+0530","service":"FyersAPIRequest"}
{"level":"DEBUG","location":"[get_call:159] fyersModel","message":{"Status Code":200,"API":"/orders"},"timestamp":"2026-05-04 09:39:19,906+0530","service":"FyersAPIRequest"}
{"level":"DEBUG","location":"[get_call:159] fyersModel","message":{"Status Code":200,"API":"/positions"},"timestamp":"2026-05-04 09:39:22,035+0530","service":"FyersAPIRequest"}
{"level":"DEBUG","location":"[get_call:159] fyersModel","message":{"Status Code":200,"API":"/orders"},"timestamp":"2026-05-04 09:39:22,073+0530","service":"FyersAPIRequest"}
{"level":"DEBUG","location":"[get_call:159] fyersModel","message":{"Status Code":200,"API":"/history"},"timestamp":"2026-05-04 09:51:53,007+0530","service":"FyersAPIRequest"}
{"level":"DEBUG","location":"[get_call:159] fyersModel","message":{"Status Code":200,"API":"/positions"},"timestamp":"2026-05-04 09:51:53,034+0530","service":"FyersAPIRequest"}
{"level":"DEBUG","location":"[get_call:159] fyersModel","message":{"Status Code":200,"API":"/orders"},"timestamp":"2026-05-04 09:51:53,059+0530","service":"FyersAPIRequest"}
{"level":"DEBUG","location":"[get_call:159] fyersModel","message":{"Status Code":200,"API":"/positions"},"timestamp":"2026-05-04 09:51:55,090+0530","service":"FyersAPIRequest"}
{"level":"DEBUG","location":"[get_call:159] fyersModel","message":{"Status Code":200,"API":"/orders"},"timestamp":"2026-05-04 09:51:55,114+0530","service":"FyersAPIRequest"}
{"level":"DEBUG","location":"[get_call:159] fyersModel","message":{"Status Code":200,"API":"/history"},"timestamp":"2026-05-04 09:54:59,476+0530","service":"FyersAPIRequest"}
{"level":"DEBUG","location":"[get_call:159] fyersModel","message":{"Status Code":200,"API":"/positions"},"timestamp":"2026-05-04 09:54:59,506+0530","service":"FyersAPIRequest"}
{"level":"DEBUG","location":"[get_call:159] fyersModel","message":{"Status Code":200,"API":"/orders"},"timestamp":"2026-05-04 09:54:59,536+0530","service":"FyersAPIRequest"}
{"level":"DEBUG","location":"[get_call:159] fyersModel","message":{"Status Code":200,"API":"/positions"},"timestamp":"2026-05-04 09:55:01,572+0530","service":"FyersAPIRequest"}
{"level":"DEBUG","location":"[get_call:159] fyersModel","message":{"Status Code":200,"API":"/orders"},"timestamp":"2026-05-04 09:55:01,612+0530","service":"FyersAPIRequest"}
{"level":"DEBUG","location":"[post_call:100] fyersModel","message":{"Status Code":400,"API":"/orders/sync"},"timestamp":"2026-05-04 09:55:03,962+0530","service":"FyersAPIRequest"}
{"level":"DEBUG","location":"[post_call:100] fyersModel","message":{"Status Code":400,"API":"/orders/sync"},"timestamp":"2026-05-04 09:55:04,779+0530","service":"FyersAPIRequest"}
{"level":"DEBUG","location":"[post_call:100] fyersModel","message":{"Status Code":400,"API":"/orders/sync"},"timestamp":"2026-05-04 09:55:05,243+0530","service":"FyersAPIRequest"}
{"level":"DEBUG","location":"[post_call:100] fyersModel","message":{"Status Code":400,"API":"/orders/sync"},"timestamp":"2026-05-04 09:55:05,535+0530","service":"FyersAPIRequest"}
{"level":"DEBUG","location":"[post_call:100] fyersModel","message":{"Status Code":400,"API":"/orders/sync"},"timestamp":"2026-05-04 09:55:06,013+0530","service":"FyersAPIRequest"}
{"level":"DEBUG","location":"[post_call:100] fyersModel","message":{"Status Code":400,"API":"/orders/sync"},"timestamp":"2026-05-04 09:55:06,393+0530","service":"FyersAPIRequest"}
{"level":"DEBUG","location":"[post_call:100] fyersModel","message":{"Status Code":400,"API":"/orders/sync"},"timestamp":"2026-05-04 09:55:06,850+0530","service":"FyersAPIRequest"}
{"level":"DEBUG","location":"[post_call:100] fyersModel","message":{"Status Code":400,"API":"/orders/sync"},"timestamp":"2026-05-04 09:55:07,591+0530","service":"FyersAPIRequest"}
{"level":"DEBUG","location":"[post_call:100] fyersModel","message":{"Status Code":400,"API":"/orders/sync"},"timestamp":"2026-05-04 09:55:08,056+0530","service":"FyersAPIRequest"}
{"level":"DEBUG","location":"[post_call:100] fyersModel","message":{"Status Code":400,"API":"/orders/sync"},"timestamp":"2026-05-04 09:55:08,434+0530","service":"FyersAPIRequest"}
{"level":"DEBUG","location":"[post_call:100] fyersModel","message":{"Status Code":400,"API":"/orders/sync"},"timestamp":"2026-05-04 09:55:08,821+0530","service":"FyersAPIRequest"}
{"level":"DEBUG","location":"[post_call:100] fyersModel","message":{"Status Code":400,"API":"/orders/sync"},"timestamp":"2026-05-04 09:55:09,653+0530","service":"FyersAPIRequest"}
{"level":"DEBUG","location":"[post_call:100] fyersModel","message":{"Status Code":400,"API":"/orders/sync"},"timestamp":"2026-05-04 09:55:10,014+0530","service":"FyersAPIRequest"}
{"level":"DEBUG","location":"[post_call:100] fyersModel","message":{"Status Code":400,"API":"/orders/sync"},"timestamp":"2026-05-04 09:55:10,856+0530","service":"FyersAPIRequest"}
{"level":"DEBUG","location":"[post_call:100] fyersModel","message":{"Status Code":400,"API":"/orders/sync"},"timestamp":"2026-05-04 09:55:11,237+0530","service":"FyersAPIRequest"}
{"level":"DEBUG","location":"[post_call:100] fyersModel","message":{"Status Code":400,"API":"/orders/sync"},"timestamp":"2026-05-04 09:55:11,620+0530","service":"FyersAPIRequest"}
{"level":"DEBUG","location":"[post_call:100] fyersModel","message":{"Status Code":400,"API":"/orders/sync"},"timestamp":"2026-05-04 09:55:12,000+0530","service":"FyersAPIRequest"}
{"level":"DEBUG","location":"[post_call:100] fyersModel","message":{"Status Code":400,"API":"/orders/sync"},"timestamp":"2026-05-04 09:55:12,499+0530","service":"FyersAPIRequest"}
{"level":"DEBUG","location":"[post_call:100] fyersModel","message":{"Status Code":400,"API":"/orders/sync"},"timestamp":"2026-05-04 09:55:13,235+0530","service":"FyersAPIRequest"}
{"level":"DEBUG","location":"[post_call:100] fyersModel","message":{"Status Code":400,"API":"/orders/sync"},"timestamp":"2026-05-04 09:55:13,616+0530","service":"FyersAPIRequest"}
{"level":"DEBUG","location":"[post_call:100] fyersModel","message":{"Status Code":400,"API":"/orders/sync"},"timestamp":"2026-05-04 09:55:14,485+0530","service":"FyersAPIRequest"}
{"level":"DEBUG","location":"[post_call:100] fyersModel","message":{"Status Code":400,"API":"/orders/sync"},"timestamp":"2026-05-04 09:55:14,862+0530","service":"FyersAPIRequest"}
{"level":"DEBUG","location":"[get_call:159] fyersModel","message":{"Status Code":200,"API":"/history"},"timestamp":"2026-05-04 10:15:19,422+0530","service":"FyersAPIRequest"}
{"level":"DEBUG","location":"[get_call:159] fyersModel","message":{"Status Code":200,"API":"/positions"},"timestamp":"2026-05-04 10:15:19,453+0530","service":"FyersAPIRequest"}
{"level":"DEBUG","location":"[get_call:159] fyersModel","message":{"Status Code":200,"API":"/orders"},"timestamp":"2026-05-04 10:15:19,478+0530","service":"FyersAPIRequest"}
{"level":"DEBUG","location":"[get_call:159] fyersModel","message":{"Status Code":200,"API":"/positions"},"timestamp":"2026-05-04 10:15:21,513+0530","service":"FyersAPIRequest"}
{"level":"DEBUG","location":"[get_call:159] fyersModel","message":{"Status Code":200,"API":"/orders"},"timestamp":"2026-05-04 10:15:21,535+0530","service":"FyersAPIRequest"}
{"level":"DEBUG","location":"[post_call:100] fyersModel","message":{"Status Code":400,"API":"/orders/sync"},"timestamp":"2026-05-04 10:15:22,615+0530","service":"FyersAPIRequest"}
{"level":"DEBUG","location":"[post_call:100] fyersModel","message":{"Status Code":400,"API":"/orders/sync"},"timestamp":"2026-05-04 10:15:23,115+0530","service":"FyersAPIRequest"}
{"level":"DEBUG","location":"[post_call:100] fyersModel","message":{"Status Code":400,"API":"/orders/sync"},"timestamp":"2026-05-04 10:15:23,910+0530","service":"FyersAPIRequest"}
{"level":"DEBUG","location":"[post_call:100] fyersModel","message":{"Status Code":400,"API":"/orders/sync"},"timestamp":"2026-05-04 10:15:24,320+0530","service":"FyersAPIRequest"}
{"level":"DEBUG","location":"[post_call:100] fyersModel","message":{"Status Code":400,"API":"/orders/sync"},"timestamp":"2026-05-04 10:15:24,656+0530","service":"FyersAPIRequest"}
{"level":"DEBUG","location":"[post_call:100] fyersModel","message":{"Status Code":400,"API":"/orders/sync"},"timestamp":"2026-05-04 10:15:25,149+0530","service":"FyersAPIRequest"}
{"level":"DEBUG","location":"[post_call:100] fyersModel","message":{"Status Code":400,"API":"/orders/sync"},"timestamp":"2026-05-04 10:15:25,554+0530","service":"FyersAPIRequest"}
{"level":"DEBUG","location":"[post_call:100] fyersModel","message":{"Status Code":400,"API":"/orders/sync"},"timestamp":"2026-05-04 10:15:25,957+0530","service":"FyersAPIRequest"}
{"level":"DEBUG","location":"[post_call:100] fyersModel","message":{"Status Code":400,"API":"/orders/sync"},"timestamp":"2026-05-04 10:15:26,362+0530","service":"FyersAPIRequest"}
{"level":"DEBUG","location":"[post_call:100] fyersModel","message":{"Status Code":400,"API":"/orders/sync"},"timestamp":"2026-05-04 10:15:27,083+0530","service":"FyersAPIRequest"}
{"level":"DEBUG","location":"[post_call:100] fyersModel","message":{"Status Code":400,"API":"/orders/sync"},"timestamp":"2026-05-04 10:15:27,472+0530","service":"FyersAPIRequest"}
{"level":"DEBUG","location":"[post_call:100] fyersModel","message":{"Status Code":400,"API":"/orders/sync"},"timestamp":"2026-05-04 10:15:28,027+0530","service":"FyersAPIRequest"}
{"level":"DEBUG","location":"[post_call:100] fyersModel","message":{"Status Code":400,"API":"/orders/sync"},"timestamp":"2026-05-04 10:15:28,334+0530","service":"FyersAPIRequest"}
{"level":"DEBUG","location":"[post_call:100] fyersModel","message":{"Status Code":400,"API":"/orders/sync"},"timestamp":"2026-05-04 10:15:28,709+0530","service":"FyersAPIRequest"}
{"level":"DEBUG","location":"[post_call:100] fyersModel","message":{"Status Code":400,"API":"/orders/sync"},"timestamp":"2026-05-04 10:15:29,118+0530","service":"FyersAPIRequest"}
{"level":"DEBUG","location":"[post_call:100] fyersModel","message":{"Status Code":400,"API":"/orders/sync"},"timestamp":"2026-05-04 10:15:29,509+0530","service":"FyersAPIRequest"}
{"level":"DEBUG","location":"[post_call:100] fyersModel","message":{"Status Code":400,"API":"/orders/sync"},"timestamp":"2026-05-04 10:15:30,347+0530","service":"FyersAPIRequest"}
{"level":"DEBUG","location":"[get_call:159] fyersModel","message":{"Status Code":200,"API":"/history"},"timestamp":"2026-05-04 10:27:36,228+0530","service":"FyersAPIRequest"}
{"level":"DEBUG","location":"[get_call:159] fyersModel","message":{"Status Code":200,"API":"/positions"},"timestamp":"2026-05-04 10:27:36,259+0530","service":"FyersAPIRequest"}
{"level":"DEBUG","location":"[get_call:159] fyersModel","message":{"Status Code":200,"API":"/orders"},"timestamp":"2026-05-04 10:27:36,285+0530","service":"FyersAPIRequest"}
{"level":"DEBUG","location":"[get_call:159] fyersModel","message":{"Status Code":200,"API":"/positions"},"timestamp":"2026-05-04 10:27:38,321+0530","service":"FyersAPIRequest"}
{"level":"DEBUG","location":"[get_call:159] fyersModel","message":{"Status Code":200,"API":"/orders"},"timestamp":"2026-05-04 10:27:38,349+0530","service":"FyersAPIRequest"}
{"level":"DEBUG","location":"[post_call:100] fyersModel","message":{"Status Code":400,"API":"/orders/sync"},"timestamp":"2026-05-04 10:27:39,770+0530","service":"FyersAPIRequest"}
{"level":"DEBUG","location":"[post_call:100] fyersModel","message":{"Status Code":400,"API":"/orders/sync"},"timestamp":"2026-05-04 10:27:40,176+0530","service":"FyersAPIRequest"}
{"level":"DEBUG","location":"[post_call:100] fyersModel","message":{"Status Code":400,"API":"/orders/sync"},"timestamp":"2026-05-04 10:27:40,594+0530","service":"FyersAPIRequest"}
{"level":"DEBUG","location":"[post_call:100] fyersModel","message":{"Status Code":400,"API":"/orders/sync"},"timestamp":"2026-05-04 10:27:41,016+0530","service":"FyersAPIRequest"}
{"level":"DEBUG","location":"[post_call:100] fyersModel","message":{"Status Code":400,"API":"/orders/sync"},"timestamp":"2026-05-04 10:27:41,338+0530","service":"FyersAPIRequest"}
{"level":"DEBUG","location":"[post_call:100] fyersModel","message":{"Status Code":400,"API":"/orders/sync"},"timestamp":"2026-05-04 10:27:41,842+0530","service":"FyersAPIRequest"}
{"level":"DEBUG","location":"[post_call:100] fyersModel","message":{"Status Code":400,"API":"/orders/sync"},"timestamp":"2026-05-04 10:27:42,157+0530","service":"FyersAPIRequest"}
{"level":"DEBUG","location":"[post_call:100] fyersModel","message":{"Status Code":400,"API":"/orders/sync"},"timestamp":"2026-05-04 10:27:42,574+0530","service":"FyersAPIRequest"}
{"level":"DEBUG","location":"[post_call:100] fyersModel","message":{"Status Code":400,"API":"/orders/sync"},"timestamp":"2026-05-04 10:27:42,992+0530","service":"FyersAPIRequest"}
{"level":"DEBUG","location":"[post_call:100] fyersModel","message":{"Status Code":400,"API":"/orders/sync"},"timestamp":"2026-05-04 10:27:43,437+0530","service":"FyersAPIRequest"}
{"level":"DEBUG","location":"[post_call:100] fyersModel","message":{"Status Code":400,"API":"/orders/sync"},"timestamp":"2026-05-04 10:27:43,866+0530","service":"FyersAPIRequest"}
{"level":"DEBUG","location":"[post_call:100] fyersModel","message":{"Status Code":400,"API":"/orders/sync"},"timestamp":"2026-05-04 10:27:44,239+0530","service":"FyersAPIRequest"}
{"level":"DEBUG","location":"[post_call:100] fyersModel","message":{"Status Code":400,"API":"/orders/sync"},"timestamp":"2026-05-04 10:27:44,644+0530","service":"FyersAPIRequest"}
{"level":"DEBUG","location":"[post_call:100] fyersModel","message":{"Status Code":400,"API":"/orders/sync"},"timestamp":"2026-05-04 10:27:45,484+0530","service":"FyersAPIRequest"}
{"level":"DEBUG","location":"[post_call:100] fyersModel","message":{"Status Code":400,"API":"/orders/sync"},"timestamp":"2026-05-04 10:27:46,287+0530","service":"FyersAPIRequest"}
{"level":"DEBUG","location":"[post_call:100] fyersModel","message":{"Status Code":400,"API":"/orders/sync"},"timestamp":"2026-05-04 10:27:46,709+0530","service":"FyersAPIRequest"}
{"level":"DEBUG","location":"[post_call:100] fyersModel","message":{"Status Code":400,"API":"/orders/sync"},"timestamp":"2026-05-04 10:27:47,425+0530","service":"FyersAPIRequest"}
{"level":"DEBUG","location":"[get_call:159] fyersModel","message":{"Status Code":200,"API":"/history"},"timestamp":"2026-05-04 10:33:24,176+0530","service":"FyersAPIRequest"}
{"level":"DEBUG","location":"[get_call:159] fyersModel","message":{"Status Code":200,"API":"/positions"},"timestamp":"2026-05-04 10:33:24,201+0530","service":"FyersAPIRequest"}
{"level":"DEBUG","location":"[get_call:159] fyersModel","message":{"Status Code":200,"API":"/orders"},"timestamp":"2026-05-04 10:33:24,235+0530","service":"FyersAPIRequest"}
{"level":"DEBUG","location":"[get_call:159] fyersModel","message":{"Status Code":200,"API":"/positions"},"timestamp":"2026-05-04 10:33:26,265+0530","service":"FyersAPIRequest"}
{"level":"DEBUG","location":"[get_call:159] fyersModel","message":{"Status Code":200,"API":"/orders"},"timestamp":"2026-05-04 10:33:26,289+0530","service":"FyersAPIRequest"}
{"level":"DEBUG","location":"[get_call:159] fyersModel","message":{"Status Code":200,"API":"/history"},"timestamp":"2026-05-05 09:13:29,480+0530","service":"FyersAPIRequest"}
{"level":"DEBUG","location":"[get_call:159] fyersModel","message":{"Status Code":200,"API":"/positions"},"timestamp":"2026-05-05 09:13:29,505+0530","service":"FyersAPIRequest"}
{"level":"DEBUG","location":"[get_call:159] fyersModel","message":{"Status Code":200,"API":"/orders"},"timestamp":"2026-05-05 09:13:29,529+0530","service":"FyersAPIRequest"}
{"level":"DEBUG","location":"[get_call:159] fyersModel","message":{"Status Code":200,"API":"/positions"},"timestamp":"2026-05-05 09:13:31,561+0530","service":"FyersAPIRequest"}
{"level":"DEBUG","location":"[get_call:159] fyersModel","message":{"Status Code":200,"API":"/orders"},"timestamp":"2026-05-05 09:13:31,588+0530","service":"FyersAPIRequest"}
{"level":"DEBUG","location":"[post_call:100] fyersModel","message":{"Status Code":200,"API":"/orders/sync"},"timestamp":"2026-05-05 09:16:15,620+0530","service":"FyersAPIRequest"}
{"level":"DEBUG","location":"[get_call:159] fyersModel","message":{"Status Code":200,"API":"/history"},"timestamp":"2026-05-05 09:47:19,813+0530","service":"FyersAPIRequest"}
{"level":"DEBUG","location":"[get_call:159] fyersModel","message":{"Status Code":200,"API":"/positions"},"timestamp":"2026-05-05 09:47:19,844+0530","service":"FyersAPIRequest"}
{"level":"DEBUG","location":"[get_call:159] fyersModel","message":{"Status Code":200,"API":"/orders"},"timestamp":"2026-05-05 09:47:19,877+0530","service":"FyersAPIRequest"}
{"level":"DEBUG","location":"[get_call:159] fyersModel","message":{"Status Code":200,"API":"/positions"},"timestamp":"2026-05-05 09:47:21,922+0530","service":"FyersAPIRequest"}
{"level":"DEBUG","location":"[get_call:159] fyersModel","message":{"Status Code":200,"API":"/orders"},"timestamp":"2026-05-05 09:47:21,951+0530","service":"FyersAPIRequest"}
{"level":"DEBUG","location":"[post_call:100] fyersModel","message":{"Status Code":200,"API":"/orders/sync"},"timestamp":"2026-05-05 09:49:05,308+0530","service":"FyersAPIRequest"}
{"level":"DEBUG","location":"[get_call:159] fyersModel","message":{"Status Code":200,"API":"/history"},"timestamp":"2026-05-05 10:05:35,298+0530","service":"FyersAPIRequest"}
{"level":"DEBUG","location":"[get_call:159] fyersModel","message":{"Status Code":200,"API":"/positions"},"timestamp":"2026-05-05 10:05:35,326+0530","service":"FyersAPIRequest"}
{"level":"DEBUG","location":"[get_call:159] fyersModel","message":{"Status Code":200,"API":"/orders"},"timestamp":"2026-05-05 10:05:35,358+0530","service":"FyersAPIRequest"}
{"level":"DEBUG","location":"[post_call:100] fyersModel","message":{"Status Code":400,"API":"/orders/sync"},"timestamp":"2026-05-05 10:05:35,387+0530","service":"FyersAPIRequest"}
{"level":"DEBUG","location":"[get_call:159] fyersModel","message":{"Status Code":200,"API":"/positions"},"timestamp":"2026-05-05 10:05:37,428+0530","service":"FyersAPIRequest"}
{"level":"DEBUG","location":"[get_call:159] fyersModel","message":{"Status Code":200,"API":"/orders"},"timestamp":"2026-05-05 10:05:37,457+0530","service":"FyersAPIRequest"}
{"level":"DEBUG","location":"[post_call:100] fyersModel","message":{"Status Code":400,"API":"/orders/sync"},"timestamp":"2026-05-05 10:05:37,504+0530","service":"FyersAPIRequest"}
{"level":"DEBUG","location":"[get_call:159] fyersModel","message":{"Status Code":200,"API":"/history"},"timestamp":"2026-05-05 10:09:25,486+0530","service":"FyersAPIRequest"}
{"level":"DEBUG","location":"[get_call:159] fyersModel","message":{"Status Code":200,"API":"/positions"},"timestamp":"2026-05-05 10:09:25,514+0530","service":"FyersAPIRequest"}
{"level":"DEBUG","location":"[get_call:159] fyersModel","message":{"Status Code":200,"API":"/orders"},"timestamp":"2026-05-05 10:09:25,542+0530","service":"FyersAPIRequest"}
{"level":"DEBUG","location":"[post_call:100] fyersModel","message":{"Status Code":400,"API":"/orders/sync"},"timestamp":"2026-05-05 10:09:25,575+0530","service":"FyersAPIRequest"}
{"level":"DEBUG","location":"[get_call:159] fyersModel","message":{"Status Code":200,"API":"/positions"},"timestamp":"2026-05-05 10:09:27,613+0530","service":"FyersAPIRequest"}
{"level":"DEBUG","location":"[get_call:159] fyersModel","message":{"Status Code":200,"API":"/orders"},"timestamp":"2026-05-05 10:09:27,645+0530","service":"FyersAPIRequest"}
{"level":"DEBUG","location":"[post_call:100] fyersModel","message":{"Status Code":400,"API":"/orders/sync"},"timestamp":"2026-05-05 10:09:27,672+0530","service":"FyersAPIRequest"}
{"level":"DEBUG","location":"[get_call:159] fyersModel","message":{"Status Code":200,"API":"/history"},"timestamp":"2026-05-06 08:58:28,388+0530","service":"FyersAPIRequest"}
{"level":"DEBUG","location":"[get_call:159] fyersModel","message":{"Status Code":200,"API":"/positions"},"timestamp":"2026-05-06 08:58:28,418+0530","service":"FyersAPIRequest"}
{"level":"DEBUG","location":"[get_call:159] fyersModel","message":{"Status Code":200,"API":"/orders"},"timestamp":"2026-05-06 08:58:28,443+0530","service":"FyersAPIRequest"}
{"level":"DEBUG","location":"[get_call:159] fyersModel","message":{"Status Code":200,"API":"/positions"},"timestamp":"2026-05-06 08:58:30,474+0530","service":"FyersAPIRequest"}
{"level":"DEBUG","location":"[get_call:159] fyersModel","message":{"Status Code":200,"API":"/orders"},"timestamp":"2026-05-06 08:58:30,498+0530","service":"FyersAPIRequest"}
{"level":"DEBUG","location":"[post_call:100] fyersModel","message":{"Status Code":200,"API":"/orders/sync"},"timestamp":"2026-05-06 09:15:10,170+0530","service":"FyersAPIRequest"}
{"level":"DEBUG","location":"[get_call:159] fyersModel","message":{"Status Code":200,"API":"/history"},"timestamp":"2026-05-06 09:33:11,863+0530","service":"FyersAPIRequest"}
{"level":"DEBUG","location":"[get_call:159] fyersModel","message":{"Status Code":200,"API":"/positions"},"timestamp":"2026-05-06 09:33:11,888+0530","service":"FyersAPIRequest"}
{"level":"DEBUG","location":"[get_call:159] fyersModel","message":{"Status Code":200,"API":"/orders"},"timestamp":"2026-05-06 09:33:11,914+0530","service":"FyersAPIRequest"}
{"level":"DEBUG","location":"[get_call:159] fyersModel","message":{"Status Code":200,"API":"/positions"},"timestamp":"2026-05-06 09:33:13,953+0530","service":"FyersAPIRequest"}
{"level":"DEBUG","location":"[get_call:159] fyersModel","message":{"Status Code":200,"API":"/orders"},"timestamp":"2026-05-06 09:33:13,989+0530","service":"FyersAPIRequest"}
{"level":"DEBUG","location":"[get_call:159] fyersModel","message":{"Status Code":200,"API":"/history"},"timestamp":"2026-05-06 09:36:09,728+0530","service":"FyersAPIRequest"}
{"level":"DEBUG","location":"[get_call:159] fyersModel","message":{"Status Code":200,"API":"/positions"},"timestamp":"2026-05-06 09:36:09,757+0530","service":"FyersAPIRequest"}
{"level":"DEBUG","location":"[get_call:159] fyersModel","message":{"Status Code":200,"API":"/orders"},"timestamp":"2026-05-06 09:36:09,783+0530","service":"FyersAPIRequest"}
{"level":"DEBUG","location":"[get_call:159] fyersModel","message":{"Status Code":200,"API":"/positions"},"timestamp":"2026-05-06 09:36:11,812+0530","service":"FyersAPIRequest"}
{"level":"DEBUG","location":"[get_call:159] fyersModel","message":{"Status Code":200,"API":"/orders"},"timestamp":"2026-05-06 09:36:11,835+0530","service":"FyersAPIRequest"}
{"level":"DEBUG","location":"[get_call:159] fyersModel","message":{"Status Code":200,"API":"/history"},"timestamp":"2026-05-06 09:52:59,989+0530","service":"FyersAPIRequest"}
{"level":"DEBUG","location":"[get_call:159] fyersModel","message":{"Status Code":200,"API":"/positions"},"timestamp":"2026-05-06 09:53:00,030+0530","service":"FyersAPIRequest"}
{"level":"DEBUG","location":"[get_call:159] fyersModel","message":{"Status Code":200,"API":"/orders"},"timestamp":"2026-05-06 09:53:00,061+0530","service":"FyersAPIRequest"}
{"level":"DEBUG","location":"[get_call:159] fyersModel","message":{"Status Code":200,"API":"/positions"},"timestamp":"2026-05-06 09:53:02,096+0530","service":"FyersAPIRequest"}
{"level":"DEBUG","location":"[get_call:159] fyersModel","message":{"Status Code":200,"API":"/orders"},"timestamp":"2026-05-06 09:53:02,122+0530","service":"FyersAPIRequest"}
{"level":"DEBUG","location":"[get_call:159] fyersModel","message":{"Status Code":200,"API":"/history"},"timestamp":"2026-05-06 10:05:30,223+0530","service":"FyersAPIRequest"}
{"level":"DEBUG","location":"[get_call:159] fyersModel","message":{"Status Code":200,"API":"/positions"},"timestamp":"2026-05-06 10:05:30,255+0530","service":"FyersAPIRequest"}
{"level":"DEBUG","location":"[get_call:159] fyersModel","message":{"Status Code":200,"API":"/orders"},"timestamp":"2026-05-06 10:05:30,285+0530","service":"FyersAPIRequest"}
{"level":"DEBUG","location":"[get_call:159] fyersModel","message":{"Status Code":200,"API":"/positions"},"timestamp":"2026-05-06 10:05:32,327+0530","service":"FyersAPIRequest"}
{"level":"DEBUG","location":"[get_call:159] fyersModel","message":{"Status Code":200,"API":"/orders"},"timestamp":"2026-05-06 10:05:32,355+0530","service":"FyersAPIRequest"}
{"level":"DEBUG","location":"[get_call:159] fyersModel","message":{"Status Code":200,"API":"/history"},"timestamp":"2026-05-06 10:08:20,796+0530","service":"FyersAPIRequest"}
{"level":"DEBUG","location":"[get_call:159] fyersModel","message":{"Status Code":200,"API":"/positions"},"timestamp":"2026-05-06 10:08:20,827+0530","service":"FyersAPIRequest"}
{"level":"DEBUG","location":"[get_call:159] fyersModel","message":{"Status Code":200,"API":"/orders"},"timestamp":"2026-05-06 10:08:20,860+0530","service":"FyersAPIRequest"}
{"level":"DEBUG","location":"[get_call:159] fyersModel","message":{"Status Code":200,"API":"/positions"},"timestamp":"2026-05-06 10:08:22,938+0530","service":"FyersAPIRequest"}
{"level":"DEBUG","location":"[get_call:159] fyersModel","message":{"Status Code":200,"API":"/orders"},"timestamp":"2026-05-06 10:08:22,974+0530","service":"FyersAPIRequest"}
{"level":"DEBUG","location":"[get_call:159] fyersModel","message":{"Status Code":200,"API":"/history"},"timestamp":"2026-05-06 10:16:00,598+0530","service":"FyersAPIRequest"}
{"level":"DEBUG","location":"[get_call:159] fyersModel","message":{"Status Code":200,"API":"/positions"},"timestamp":"2026-05-06 10:16:00,628+0530","service":"FyersAPIRequest"}
{"level":"DEBUG","location":"[get_call:159] fyersModel","message":{"Status Code":200,"API":"/orders"},"timestamp":"2026-05-06 10:16:00,657+0530","service":"FyersAPIRequest"}
{"level":"DEBUG","location":"[get_call:159] fyersModel","message":{"Status Code":200,"API":"/positions"},"timestamp":"2026-05-06 10:16:02,689+0530","service":"FyersAPIRequest"}
{"level":"DEBUG","location":"[get_call:159] fyersModel","message":{"Status Code":200,"API":"/orders"},"timestamp":"2026-05-06 10:16:02,715+0530","service":"FyersAPIRequest"}
{"level":"DEBUG","location":"[get_call:159] fyersModel","message":{"Status Code":200,"API":"/history"},"timestamp":"2026-05-08 08:52:49,541+0530","service":"FyersAPIRequest"}
{"level":"DEBUG","location":"[get_call:159] fyersModel","message":{"Status Code":200,"API":"/history"},"timestamp":"2026-05-08 09:12:37,750+0530","service":"FyersAPIRequest"}
{"level":"DEBUG","location":"[get_call:159] fyersModel","message":{"Status Code":200,"API":"/positions"},"timestamp":"2026-05-08 09:12:37,867+0530","service":"FyersAPIRequest"}
{"level":"DEBUG","location":"[get_call:159] fyersModel","message":{"Status Code":200,"API":"/orders"},"timestamp":"2026-05-08 09:12:37,909+0530","service":"FyersAPIRequest"}
{"level":"DEBUG","location":"[get_call:159] fyersModel","message":{"Status Code":200,"API":"/positions"},"timestamp":"2026-05-08 09:12:39,953+0530","service":"FyersAPIRequest"}
{"level":"DEBUG","location":"[get_call:159] fyersModel","message":{"Status Code":200,"API":"/orders"},"timestamp":"2026-05-08 09:12:39,985+0530","service":"FyersAPIRequest"}
{"level":"DEBUG","location":"[post_call:100] fyersModel","message":{"Status Code":200,"API":"/orders/sync"},"timestamp":"2026-05-08 09:16:09,438+0530","service":"FyersAPIRequest"}
{"level":"DEBUG","location":"[get_call:159] fyersModel","message":{"Status Code":200,"API":"/history"},"timestamp":"2026-05-08 09:40:47,659+0530","service":"FyersAPIRequest"}
{"level":"DEBUG","location":"[get_call:159] fyersModel","message":{"Status Code":200,"API":"/positions"},"timestamp":"2026-05-08 09:40:47,787+0530","service":"FyersAPIRequest"}
{"level":"DEBUG","location":"[get_call:159] fyersModel","message":{"Status Code":200,"API":"/orders"},"timestamp":"2026-05-08 09:40:48,167+0530","service":"FyersAPIRequest"}
{"level":"DEBUG","location":"[get_call:159] fyersModel","message":{"Status Code":200,"API":"/tradebook"},"timestamp":"2026-05-08 09:40:48,269+0530","service":"FyersAPIRequest"}
{"level":"DEBUG","location":"[get_call:159] fyersModel","message":{"Status Code":200,"API":"/positions"},"timestamp":"2026-05-08 09:40:50,406+0530","service":"FyersAPIRequest"}
{"level":"DEBUG","location":"[get_call:159] fyersModel","message":{"Status Code":200,"API":"/orders"},"timestamp":"2026-05-08 09:40:50,437+0530","service":"FyersAPIRequest"}
{"level":"DEBUG","location":"[get_call:159] fyersModel","message":{"Status Code":200,"API":"/tradebook"},"timestamp":"2026-05-08 09:40:50,472+0530","service":"FyersAPIRequest"}
{"level":"DEBUG","location":"[get_call:159] fyersModel","message":{"Status Code":200,"API":"/history"},"timestamp":"2026-05-10 18:06:57,626+0530","service":"FyersAPIRequest"}
{"level":"DEBUG","location":"[get_call:159] fyersModel","message":{"Status Code":200,"API":"/positions"},"timestamp":"2026-05-10 18:06:57,662+0530","service":"FyersAPIRequest"}
{"level":"DEBUG","location":"[get_call:159] fyersModel","message":{"Status Code":200,"API":"/orders"},"timestamp":"2026-05-10 18:06:57,697+0530","service":"FyersAPIRequest"}
{"level":"DEBUG","location":"[get_call:159] fyersModel","message":{"Status Code":200,"API":"/history"},"timestamp":"2026-05-10 18:16:00,774+0530","service":"FyersAPIRequest"}
{"level":"DEBUG","location":"[get_call:159] fyersModel","message":{"Status Code":200,"API":"/positions"},"timestamp":"2026-05-10 18:16:01,004+0530","service":"FyersAPIRequest"}
{"level":"DEBUG","location":"[get_call:159] fyersModel","message":{"Status Code":200,"API":"/orders"},"timestamp":"2026-05-10 18:16:01,135+0530","service":"FyersAPIRequest"}
{"level":"DEBUG","location":"[get_call:159] fyersModel","message":{"Status Code":200,"API":"/history"},"timestamp":"2026-05-10 18:19:18,891+0530","service":"FyersAPIRequest"}
{"level":"DEBUG","location":"[get_call:159] fyersModel","message":{"Status Code":200,"API":"/positions"},"timestamp":"2026-05-10 18:19:18,928+0530","service":"FyersAPIRequest"}
{"level":"DEBUG","location":"[get_call:159] fyersModel","message":{"Status Code":200,"API":"/orders"},"timestamp":"2026-05-10 18:19:18,960+0530","service":"FyersAPIRequest"}
