[ERROR] 2026-05-03 13:11:32 | NSE:HDFCBANK-EQ RECOVERY FAILED: 'charmap' codec can't encode character '\U0001f504' in position 45: character maps to <undefined>
[ERROR] 2026-05-03 13:11:32 | ORDER WS ERROR: Handshake status 403 Forbidden -+-+- {'date': 'Sun, 03 May 2026 07:41:32 GMT', 'content-length': '0', 'connection': 'keep-alive', 'cf-cache-status': 'DYNAMIC', 'set-cookie': '__cf_bm=L_yjmNzNh6yJKuuZdZR8_bl.xgZ0Cr0RllU5hmwIJus-1777794092-1.0.1.1-Vwc.YjavrkWd22X_LvyfdQPlr2NUlH2WZMDd8Gl.vuuNqzZjo5sCgXo6sgfITg4nPwGLjcaQW7s6JRfQm3qgcHbfe5gE3lDYDzS9HvfW43Y; path=/; expires=Sun, 03-May-26 08:11:32 GMT; domain=.fyers.in; HttpOnly; Secure; _cfuvid=IcMX.WE59sLIDYtHMujA1S5Z_NT1UR.mlypcxt5QzYc-1777794092775-0.0.1.1-604800000; path=/; domain=.fyers.in; HttpOnly; Secure; SameSite=None', 'strict-transport-security': 'max-age=31536000; includeSubDomains; preload', 'x-content-type-options': 'nosniff', 'server': 'cloudflare', 'cf-ray': '9f5d9fb7aa23a2ad-BOM'} -+-+- b''
[ERROR] 2026-05-03 13:11:34 | CONNECT ERROR: 'charmap' codec can't encode character '\U0001f7e2' in position 29: character maps to <undefined>
[ERROR] 2026-05-03 13:11:38 | ORDER WS ERROR: Handshake status 403 Forbidden -+-+- {'date': 'Sun, 03 May 2026 07:41:37 GMT', 'content-length': '0', 'connection': 'keep-alive', 'cf-cache-status': 'DYNAMIC', 'strict-transport-security': 'max-age=31536000; includeSubDomains; preload', 'x-content-type-options': 'nosniff', 'server': 'cloudflare', 'cf-ray': '9f5d9fd79c72dce3-BOM'} -+-+- b''
[ERROR] 2026-05-03 13:11:39 | CONNECT ERROR: 'charmap' codec can't encode character '\U0001f7e2' in position 29: character maps to <undefined>
[ERROR] 2026-05-03 13:11:43 | ORDER WS ERROR: Handshake status 403 Forbidden -+-+- {'date': 'Sun, 03 May 2026 07:41:43 GMT', 'content-length': '0', 'connection': 'keep-alive', 'cf-cache-status': 'DYNAMIC', 'strict-transport-security': 'max-age=31536000; includeSubDomains; preload', 'x-content-type-options': 'nosniff', 'server': 'cloudflare', 'cf-ray': '9f5d9ff78e47493e-BOM'} -+-+- b''
[ERROR] 2026-05-03 13:11:45 | CONNECT ERROR: 'charmap' codec can't encode character '\U0001f7e2' in position 29: character maps to <undefined>
[ERROR] 2026-05-03 13:11:48 | ORDER WS ERROR: Handshake status 403 Forbidden -+-+- {'date': 'Sun, 03 May 2026 07:41:48 GMT', 'content-length': '0', 'connection': 'keep-alive', 'cf-cache-status': 'DYNAMIC', 'strict-transport-security': 'max-age=31536000; includeSubDomains; preload', 'x-content-type-options': 'nosniff', 'server': 'cloudflare', 'cf-ray': '9f5da0178d7b4725-BOM'} -+-+- b''
[ERROR] 2026-05-03 13:11:50 | CONNECT ERROR: 'charmap' codec can't encode character '\U0001f7e2' in position 29: character maps to <undefined>
[ERROR] 2026-05-03 13:11:53 | ORDER WS ERROR: Handshake status 403 Forbidden -+-+- {'date': 'Sun, 03 May 2026 07:41:53 GMT', 'content-length': '0', 'connection': 'keep-alive', 'cf-cache-status': 'DYNAMIC', 'strict-transport-security': 'max-age=31536000; includeSubDomains; preload', 'x-content-type-options': 'nosniff', 'server': 'cloudflare', 'cf-ray': '9f5da03788a4c4f8-BOM'} -+-+- b''
[ERROR] 2026-05-03 13:11:55 | CONNECT ERROR: 'charmap' codec can't encode character '\U0001f7e2' in position 29: character maps to <undefined>
[ERROR] 2026-05-03 13:11:58 | ORDER WS ERROR: Handshake status 403 Forbidden -+-+- {'date': 'Sun, 03 May 2026 07:41:58 GMT', 'content-length': '0', 'connection': 'keep-alive', 'cf-cache-status': 'DYNAMIC', 'strict-transport-security': 'max-age=31536000; includeSubDomains; preload', 'x-content-type-options': 'nosniff', 'server': 'cloudflare', 'cf-ray': '9f5da0576cf4cc8c-BOM'} -+-+- b''
[ERROR] 2026-05-03 13:12:00 | CONNECT ERROR: 'charmap' codec can't encode character '\U0001f7e2' in position 29: character maps to <undefined>
[ERROR] 2026-05-03 13:12:08 | ORDER WS ERROR: Handshake status 403 Forbidden -+-+- {'date': 'Sun, 03 May 2026 07:42:08 GMT', 'content-length': '0', 'connection': 'keep-alive', 'cf-cache-status': 'DYNAMIC', 'strict-transport-security': 'max-age=31536000; includeSubDomains; preload', 'x-content-type-options': 'nosniff', 'server': 'cloudflare', 'cf-ray': '9f5da09699de85ae-BOM'} -+-+- b''
[ERROR] 2026-05-03 13:12:10 | CONNECT ERROR: 'charmap' codec can't encode character '\U0001f7e2' in position 29: character maps to <undefined>
[ERROR] 2026-05-03 13:12:18 | ORDER WS ERROR: Handshake status 403 Forbidden -+-+- {'date': 'Sun, 03 May 2026 07:42:18 GMT', 'content-length': '0', 'connection': 'keep-alive', 'cf-cache-status': 'DYNAMIC', 'strict-transport-security': 'max-age=31536000; includeSubDomains; preload', 'x-content-type-options': 'nosniff', 'server': 'cloudflare', 'cf-ray': '9f5da0d5bcff2c84-BOM'} -+-+- b''
[ERROR] 2026-05-03 13:12:20 | CONNECT ERROR: 'charmap' codec can't encode character '\U0001f7e2' in position 29: character maps to <undefined>
[ERROR] 2026-05-03 13:12:28 | ORDER WS ERROR: Handshake status 403 Forbidden -+-+- {'date': 'Sun, 03 May 2026 07:42:28 GMT', 'content-length': '0', 'connection': 'keep-alive', 'cf-cache-status': 'DYNAMIC', 'strict-transport-security': 'max-age=31536000; includeSubDomains; preload', 'x-content-type-options': 'nosniff', 'server': 'cloudflare', 'cf-ray': '9f5da114d9c81dbe-BOM'} -+-+- b''
[ERROR] 2026-05-03 13:12:30 | CONNECT ERROR: 'charmap' codec can't encode character '\U0001f7e2' in position 29: character maps to <undefined>
[ERROR] 2026-05-03 13:12:38 | ORDER WS ERROR: Handshake status 403 Forbidden -+-+- {'date': 'Sun, 03 May 2026 07:42:38 GMT', 'content-length': '0', 'connection': 'keep-alive', 'cf-cache-status': 'DYNAMIC', 'strict-transport-security': 'max-age=31536000; includeSubDomains; preload', 'x-content-type-options': 'nosniff', 'server': 'cloudflare', 'cf-ray': '9f5da1542ff68374-BOM'} -+-+- b''
[ERROR] 2026-05-03 13:12:40 | CONNECT ERROR: 'charmap' codec can't encode character '\U0001f7e2' in position 29: character maps to <undefined>
[ERROR] 2026-05-03 13:12:49 | ORDER WS ERROR: Handshake status 403 Forbidden -+-+- {'date': 'Sun, 03 May 2026 07:42:48 GMT', 'content-length': '0', 'connection': 'keep-alive', 'cf-cache-status': 'DYNAMIC', 'strict-transport-security': 'max-age=31536000; includeSubDomains; preload', 'x-content-type-options': 'nosniff', 'server': 'cloudflare', 'cf-ray': '9f5da1932ddca6ad-BOM'} -+-+- b''
[ERROR] 2026-05-03 13:12:50 | CONNECT ERROR: 'charmap' codec can't encode character '\U0001f7e2' in position 29: character maps to <undefined>
[ERROR] 2026-05-03 14:09:40 | RESYNC ERROR: 'charmap' codec can't encode character '\U0001f504' in position 29: character maps to <undefined>
[ERROR] 2026-05-03 14:09:40 | ORDER WS ERROR: 'charmap' codec can't encode character '\u2192' in position 44: character maps to <undefined>
[ERROR] 2026-05-03 14:36:54 | ORDER WS ERROR: Connection to remote host was lost.
[ERROR] 2026-05-03 14:36:59 | ORDER WS ERROR: [Errno 11001] getaddrinfo failed
[ERROR] 2026-05-03 14:37:04 | ORDER WS ERROR: [Errno 11001] getaddrinfo failed
[ERROR] 2026-05-03 14:37:09 | ORDER WS ERROR: [Errno 11001] getaddrinfo failed
[ERROR] 2026-05-03 14:37:14 | ORDER WS ERROR: [Errno 11001] getaddrinfo failed
[ERROR] 2026-05-03 14:37:19 | ORDER WS ERROR: [Errno 11001] getaddrinfo failed
[ERROR] 2026-05-03 14:37:29 | ORDER WS ERROR: [Errno 11001] getaddrinfo failed
[ERROR] 2026-05-03 14:37:39 | ORDER WS ERROR: [Errno 11001] getaddrinfo failed
[ERROR] 2026-05-03 14:37:49 | ORDER WS ERROR: [Errno 11001] getaddrinfo failed
[ERROR] 2026-05-03 14:37:59 | ORDER WS ERROR: [Errno 11001] getaddrinfo failed
[ERROR] 2026-05-03 14:38:09 | ORDER WS ERROR: [Errno 11001] getaddrinfo failed
